[2019-04-25 00:18:12] local.ERROR: Symfony\Component\Debug\Exception\FatalThrowableError: syntax error, unexpected '}', expecting ';' in /home/vagrant/code/musashi-lunch-audit/routes/web.php:59
Stack trace:
#0 [internal function]: {closure}(Object(rafadpedrosa\lumen_scaffold\config\Router))
#1 /home/vagrant/code/musashi-lunch-audit/vendor/laravel/lumen-framework/src/Routing/Router.php(62): call_user_func(Object(Closure), Object(rafadpedrosa\lumen_scaffold\config\Router))
#2 /home/vagrant/code/musashi-lunch-audit/bootstrap/app.php(103): Laravel\Lumen\Routing\Router->group(Array, Object(Closure))
#3 /home/vagrant/code/musashi-lunch-audit/public/index.php(14): require('/home/vagrant/c...')
#4 {main} {"exception":"[object] (Symfony\\Component\\Debug\\Exception\\FatalThrowableError(code: 0): syntax error, unexpected '}', expecting ';' at /home/vagrant/code/musashi-lunch-audit/routes/web.php:59)
[stacktrace]
#0 [internal function]: {closure}(Object(rafadpedrosa\\lumen_scaffold\\config\\Router))
#1 /home/vagrant/code/musashi-lunch-audit/vendor/laravel/lumen-framework/src/Routing/Router.php(62): call_user_func(Object(Closure), Object(rafadpedrosa\\lumen_scaffold\\config\\Router))
#2 /home/vagrant/code/musashi-lunch-audit/bootstrap/app.php(103): Laravel\\Lumen\\Routing\\Router->group(Array, Object(Closure))
#3 /home/vagrant/code/musashi-lunch-audit/public/index.php(14): require('/home/vagrant/c...')
#4 {main}
"} 
[2019-04-25 00:18:13] local.ERROR: Symfony\Component\Debug\Exception\FatalThrowableError: syntax error, unexpected '}', expecting ';' in /home/vagrant/code/musashi-lunch-audit/routes/web.php:59
Stack trace:
#0 [internal function]: {closure}(Object(rafadpedrosa\lumen_scaffold\config\Router))
#1 /home/vagrant/code/musashi-lunch-audit/vendor/laravel/lumen-framework/src/Routing/Router.php(62): call_user_func(Object(Closure), Object(rafadpedrosa\lumen_scaffold\config\Router))
#2 /home/vagrant/code/musashi-lunch-audit/bootstrap/app.php(103): Laravel\Lumen\Routing\Router->group(Array, Object(Closure))
#3 /home/vagrant/code/musashi-lunch-audit/public/index.php(14): require('/home/vagrant/c...')
#4 {main} {"exception":"[object] (Symfony\\Component\\Debug\\Exception\\FatalThrowableError(code: 0): syntax error, unexpected '}', expecting ';' at /home/vagrant/code/musashi-lunch-audit/routes/web.php:59)
[stacktrace]
#0 [internal function]: {closure}(Object(rafadpedrosa\\lumen_scaffold\\config\\Router))
#1 /home/vagrant/code/musashi-lunch-audit/vendor/laravel/lumen-framework/src/Routing/Router.php(62): call_user_func(Object(Closure), Object(rafadpedrosa\\lumen_scaffold\\config\\Router))
#2 /home/vagrant/code/musashi-lunch-audit/bootstrap/app.php(103): Laravel\\Lumen\\Routing\\Router->group(Array, Object(Closure))
#3 /home/vagrant/code/musashi-lunch-audit/public/index.php(14): require('/home/vagrant/c...')
#4 {main}
"} 
[2019-04-25 00:18:16] local.ERROR: Symfony\Component\Debug\Exception\FatalThrowableError: syntax error, unexpected '}', expecting ';' in /home/vagrant/code/musashi-lunch-audit/routes/web.php:59
Stack trace:
#0 [internal function]: {closure}(Object(rafadpedrosa\lumen_scaffold\config\Router))
#1 /home/vagrant/code/musashi-lunch-audit/vendor/laravel/lumen-framework/src/Routing/Router.php(62): call_user_func(Object(Closure), Object(rafadpedrosa\lumen_scaffold\config\Router))
#2 /home/vagrant/code/musashi-lunch-audit/bootstrap/app.php(103): Laravel\Lumen\Routing\Router->group(Array, Object(Closure))
#3 /home/vagrant/code/musashi-lunch-audit/public/index.php(14): require('/home/vagrant/c...')
#4 {main} {"exception":"[object] (Symfony\\Component\\Debug\\Exception\\FatalThrowableError(code: 0): syntax error, unexpected '}', expecting ';' at /home/vagrant/code/musashi-lunch-audit/routes/web.php:59)
[stacktrace]
#0 [internal function]: {closure}(Object(rafadpedrosa\\lumen_scaffold\\config\\Router))
#1 /home/vagrant/code/musashi-lunch-audit/vendor/laravel/lumen-framework/src/Routing/Router.php(62): call_user_func(Object(Closure), Object(rafadpedrosa\\lumen_scaffold\\config\\Router))
#2 /home/vagrant/code/musashi-lunch-audit/bootstrap/app.php(103): Laravel\\Lumen\\Routing\\Router->group(Array, Object(Closure))
#3 /home/vagrant/code/musashi-lunch-audit/public/index.php(14): require('/home/vagrant/c...')
#4 {main}
"} 
[2019-04-25 00:27:40] local.ERROR: PDOException: SQLSTATE[42S02]: Base table or view not found: 1146 Table 'musashi_lunch.lunches' doesn't exist in /home/vagrant/code/musashi-lunch-audit/vendor/illuminate/database/Connection.php:326
Stack trace:
#0 /home/vagrant/code/musashi-lunch-audit/vendor/illuminate/database/Connection.php(326): PDO->prepare('select count(*)...')
#1 /home/vagrant/code/musashi-lunch-audit/vendor/illuminate/database/Connection.php(657): Illuminate\Database\Connection->Illuminate\Database\{closure}('select count(*)...', Array)
#2 /home/vagrant/code/musashi-lunch-audit/vendor/illuminate/database/Connection.php(624): Illuminate\Database\Connection->runQueryCallback('select count(*)...', Array, Object(Closure))
#3 /home/vagrant/code/musashi-lunch-audit/vendor/illuminate/database/Connection.php(333): Illuminate\Database\Connection->run('select count(*)...', Array, Object(Closure))
#4 /home/vagrant/code/musashi-lunch-audit/vendor/illuminate/database/Query/Builder.php(2124): Illuminate\Database\Connection->select('select count(*)...', Array, true)
#5 /home/vagrant/code/musashi-lunch-audit/vendor/illuminate/database/Query/Builder.php(2112): Illuminate\Database\Query\Builder->runSelect()
#6 /home/vagrant/code/musashi-lunch-audit/vendor/illuminate/database/Query/Builder.php(2598): Illuminate\Database\Query\Builder->Illuminate\Database\Query\{closure}()
#7 /home/vagrant/code/musashi-lunch-audit/vendor/illuminate/database/Query/Builder.php(2113): Illuminate\Database\Query\Builder->onceWithColumns(Array, Object(Closure))
#8 /home/vagrant/code/musashi-lunch-audit/vendor/illuminate/database/Query/Builder.php(2211): Illuminate\Database\Query\Builder->get()
#9 /home/vagrant/code/musashi-lunch-audit/vendor/illuminate/database/Query/Builder.php(2182): Illuminate\Database\Query\Builder->runPaginationCountQuery(Array)
#10 /home/vagrant/code/musashi-lunch-audit/vendor/illuminate/database/Eloquent/Builder.php(748): Illuminate\Database\Query\Builder->getCountForPagination()
#11 /home/vagrant/code/musashi-lunch-audit/app/Http/Controllers/LunchController.php(66): Illuminate\Database\Eloquent\Builder->paginate(15, NULL, NULL, 1)
#12 [internal function]: App\Http\Controllers\LunchController->listAll(Object(Laravel\Lumen\Http\Request))
#13 /home/vagrant/code/musashi-lunch-audit/vendor/illuminate/container/BoundMethod.php(32): call_user_func_array(Array, Array)
#14 /home/vagrant/code/musashi-lunch-audit/vendor/illuminate/container/BoundMethod.php(90): Illuminate\Container\BoundMethod::Illuminate\Container\{closure}()
#15 /home/vagrant/code/musashi-lunch-audit/vendor/illuminate/container/BoundMethod.php(34): Illuminate\Container\BoundMethod::callBoundMethod(Object(rafadpedrosa\lumen_scaffold\config\Application), Array, Object(Closure))
#16 /home/vagrant/code/musashi-lunch-audit/vendor/illuminate/container/Container.php(576): Illuminate\Container\BoundMethod::call(Object(rafadpedrosa\lumen_scaffold\config\Application), Array, Array, NULL)
#17 /home/vagrant/code/musashi-lunch-audit/vendor/laravel/lumen-framework/src/Concerns/RoutesRequests.php(376): Illuminate\Container\Container->call(Array, Array)
#18 /home/vagrant/code/musashi-lunch-audit/vendor/laravel/lumen-framework/src/Concerns/RoutesRequests.php(342): Laravel\Lumen\Application->callControllerCallable(Array, Array)
#19 /home/vagrant/code/musashi-lunch-audit/vendor/laravel/lumen-framework/src/Concerns/RoutesRequests.php(316): Laravel\Lumen\Application->callLumenController(Object(App\Http\Controllers\LunchController), 'listAll', Array)
#20 /home/vagrant/code/musashi-lunch-audit/vendor/laravel/lumen-framework/src/Concerns/RoutesRequests.php(278): Laravel\Lumen\Application->callControllerAction(Array)
#21 /home/vagrant/code/musashi-lunch-audit/vendor/laravel/lumen-framework/src/Concerns/RoutesRequests.php(258): Laravel\Lumen\Application->callActionOnArrayBasedRoute(Array)
#22 [internal function]: Laravel\Lumen\Application->Laravel\Lumen\Concerns\{closure}(Object(Laravel\Lumen\Http\Request))
#23 /home/vagrant/code/musashi-lunch-audit/vendor/laravel/lumen-framework/src/Routing/Pipeline.php(52): call_user_func(Object(Closure), Object(Laravel\Lumen\Http\Request))
#24 /home/vagrant/code/musashi-lunch-audit/vendor/rafadpedrosa/lumen_scaffold/src/middleware/JsonApiMiddleware.php(28): Laravel\Lumen\Routing\Pipeline->Laravel\Lumen\Routing\{closure}(Object(Laravel\Lumen\Http\Request))
#25 /home/vagrant/code/musashi-lunch-audit/vendor/illuminate/pipeline/Pipeline.php(163): rafadpedrosa\lumen_scaffold\middleware\JsonApiMiddleware->handle(Object(Laravel\Lumen\Http\Request), Object(Closure))
#26 [internal function]: Illuminate\Pipeline\Pipeline->Illuminate\Pipeline\{closure}(Object(Laravel\Lumen\Http\Request))
#27 /home/vagrant/code/musashi-lunch-audit/vendor/laravel/lumen-framework/src/Routing/Pipeline.php(32): call_user_func(Object(Closure), Object(Laravel\Lumen\Http\Request))
#28 /home/vagrant/code/musashi-lunch-audit/vendor/nordsoftware/lumen-cors/src/CorsMiddleware.php(38): Laravel\Lumen\Routing\Pipeline->Laravel\Lumen\Routing\{closure}(Object(Laravel\Lumen\Http\Request))
#29 /home/vagrant/code/musashi-lunch-audit/vendor/illuminate/pipeline/Pipeline.php(163): Nord\Lumen\Cors\CorsMiddleware->handle(Object(Laravel\Lumen\Http\Request), Object(Closure))
#30 [internal function]: Illuminate\Pipeline\Pipeline->Illuminate\Pipeline\{closure}(Object(Laravel\Lumen\Http\Request))
#31 /home/vagrant/code/musashi-lunch-audit/vendor/laravel/lumen-framework/src/Routing/Pipeline.php(32): call_user_func(Object(Closure), Object(Laravel\Lumen\Http\Request))
#32 /home/vagrant/code/musashi-lunch-audit/vendor/illuminate/pipeline/Pipeline.php(104): Laravel\Lumen\Routing\Pipeline->Laravel\Lumen\Routing\{closure}(Object(Laravel\Lumen\Http\Request))
#33 /home/vagrant/code/musashi-lunch-audit/vendor/laravel/lumen-framework/src/Concerns/RoutesRequests.php(413): Illuminate\Pipeline\Pipeline->then(Object(Closure))
#34 /home/vagrant/code/musashi-lunch-audit/vendor/laravel/lumen-framework/src/Concerns/RoutesRequests.php(259): Laravel\Lumen\Application->sendThroughPipeline(Array, Object(Closure))
#35 /home/vagrant/code/musashi-lunch-audit/vendor/laravel/lumen-framework/src/Concerns/RoutesRequests.php(165): Laravel\Lumen\Application->handleFoundRoute(Array)
#36 /home/vagrant/code/musashi-lunch-audit/vendor/laravel/lumen-framework/src/Concerns/RoutesRequests.php(416): Laravel\Lumen\Application->Laravel\Lumen\Concerns\{closure}(Object(Laravel\Lumen\Http\Request))
#37 /home/vagrant/code/musashi-lunch-audit/vendor/laravel/lumen-framework/src/Concerns/RoutesRequests.php(171): Laravel\Lumen\Application->sendThroughPipeline(Array, Object(Closure))
#38 /home/vagrant/code/musashi-lunch-audit/vendor/laravel/lumen-framework/src/Concerns/RoutesRequests.php(108): Laravel\Lumen\Application->dispatch(NULL)
#39 /home/vagrant/code/musashi-lunch-audit/public/index.php(28): Laravel\Lumen\Application->run()
#40 {main}

Next Illuminate\Database\QueryException: SQLSTATE[42S02]: Base table or view not found: 1146 Table 'musashi_lunch.lunches' doesn't exist (SQL: select count(*) as aggregate from `lunches` where `lunches`.`deleted_at` is null) in /home/vagrant/code/musashi-lunch-audit/vendor/illuminate/database/Connection.php:664
Stack trace:
#0 /home/vagrant/code/musashi-lunch-audit/vendor/illuminate/database/Connection.php(624): Illuminate\Database\Connection->runQueryCallback('select count(*)...', Array, Object(Closure))
#1 /home/vagrant/code/musashi-lunch-audit/vendor/illuminate/database/Connection.php(333): Illuminate\Database\Connection->run('select count(*)...', Array, Object(Closure))
#2 /home/vagrant/code/musashi-lunch-audit/vendor/illuminate/database/Query/Builder.php(2124): Illuminate\Database\Connection->select('select count(*)...', Array, true)
#3 /home/vagrant/code/musashi-lunch-audit/vendor/illuminate/database/Query/Builder.php(2112): Illuminate\Database\Query\Builder->runSelect()
#4 /home/vagrant/code/musashi-lunch-audit/vendor/illuminate/database/Query/Builder.php(2598): Illuminate\Database\Query\Builder->Illuminate\Database\Query\{closure}()
#5 /home/vagrant/code/musashi-lunch-audit/vendor/illuminate/database/Query/Builder.php(2113): Illuminate\Database\Query\Builder->onceWithColumns(Array, Object(Closure))
#6 /home/vagrant/code/musashi-lunch-audit/vendor/illuminate/database/Query/Builder.php(2211): Illuminate\Database\Query\Builder->get()
#7 /home/vagrant/code/musashi-lunch-audit/vendor/illuminate/database/Query/Builder.php(2182): Illuminate\Database\Query\Builder->runPaginationCountQuery(Array)
#8 /home/vagrant/code/musashi-lunch-audit/vendor/illuminate/database/Eloquent/Builder.php(748): Illuminate\Database\Query\Builder->getCountForPagination()
#9 /home/vagrant/code/musashi-lunch-audit/app/Http/Controllers/LunchController.php(66): Illuminate\Database\Eloquent\Builder->paginate(15, NULL, NULL, 1)
#10 [internal function]: App\Http\Controllers\LunchController->listAll(Object(Laravel\Lumen\Http\Request))
#11 /home/vagrant/code/musashi-lunch-audit/vendor/illuminate/container/BoundMethod.php(32): call_user_func_array(Array, Array)
#12 /home/vagrant/code/musashi-lunch-audit/vendor/illuminate/container/BoundMethod.php(90): Illuminate\Container\BoundMethod::Illuminate\Container\{closure}()
#13 /home/vagrant/code/musashi-lunch-audit/vendor/illuminate/container/BoundMethod.php(34): Illuminate\Container\BoundMethod::callBoundMethod(Object(rafadpedrosa\lumen_scaffold\config\Application), Array, Object(Closure))
#14 /home/vagrant/code/musashi-lunch-audit/vendor/illuminate/container/Container.php(576): Illuminate\Container\BoundMethod::call(Object(rafadpedrosa\lumen_scaffold\config\Application), Array, Array, NULL)
#15 /home/vagrant/code/musashi-lunch-audit/vendor/laravel/lumen-framework/src/Concerns/RoutesRequests.php(376): Illuminate\Container\Container->call(Array, Array)
#16 /home/vagrant/code/musashi-lunch-audit/vendor/laravel/lumen-framework/src/Concerns/RoutesRequests.php(342): Laravel\Lumen\Application->callControllerCallable(Array, Array)
#17 /home/vagrant/code/musashi-lunch-audit/vendor/laravel/lumen-framework/src/Concerns/RoutesRequests.php(316): Laravel\Lumen\Application->callLumenController(Object(App\Http\Controllers\LunchController), 'listAll', Array)
#18 /home/vagrant/code/musashi-lunch-audit/vendor/laravel/lumen-framework/src/Concerns/RoutesRequests.php(278): Laravel\Lumen\Application->callControllerAction(Array)
#19 /home/vagrant/code/musashi-lunch-audit/vendor/laravel/lumen-framework/src/Concerns/RoutesRequests.php(258): Laravel\Lumen\Application->callActionOnArrayBasedRoute(Array)
#20 [internal function]: Laravel\Lumen\Application->Laravel\Lumen\Concerns\{closure}(Object(Laravel\Lumen\Http\Request))
#21 /home/vagrant/code/musashi-lunch-audit/vendor/laravel/lumen-framework/src/Routing/Pipeline.php(52): call_user_func(Object(Closure), Object(Laravel\Lumen\Http\Request))
#22 /home/vagrant/code/musashi-lunch-audit/vendor/rafadpedrosa/lumen_scaffold/src/middleware/JsonApiMiddleware.php(28): Laravel\Lumen\Routing\Pipeline->Laravel\Lumen\Routing\{closure}(Object(Laravel\Lumen\Http\Request))
#23 /home/vagrant/code/musashi-lunch-audit/vendor/illuminate/pipeline/Pipeline.php(163): rafadpedrosa\lumen_scaffold\middleware\JsonApiMiddleware->handle(Object(Laravel\Lumen\Http\Request), Object(Closure))
#24 [internal function]: Illuminate\Pipeline\Pipeline->Illuminate\Pipeline\{closure}(Object(Laravel\Lumen\Http\Request))
#25 /home/vagrant/code/musashi-lunch-audit/vendor/laravel/lumen-framework/src/Routing/Pipeline.php(32): call_user_func(Object(Closure), Object(Laravel\Lumen\Http\Request))
#26 /home/vagrant/code/musashi-lunch-audit/vendor/nordsoftware/lumen-cors/src/CorsMiddleware.php(38): Laravel\Lumen\Routing\Pipeline->Laravel\Lumen\Routing\{closure}(Object(Laravel\Lumen\Http\Request))
#27 /home/vagrant/code/musashi-lunch-audit/vendor/illuminate/pipeline/Pipeline.php(163): Nord\Lumen\Cors\CorsMiddleware->handle(Object(Laravel\Lumen\Http\Request), Object(Closure))
#28 [internal function]: Illuminate\Pipeline\Pipeline->Illuminate\Pipeline\{closure}(Object(Laravel\Lumen\Http\Request))
#29 /home/vagrant/code/musashi-lunch-audit/vendor/laravel/lumen-framework/src/Routing/Pipeline.php(32): call_user_func(Object(Closure), Object(Laravel\Lumen\Http\Request))
#30 /home/vagrant/code/musashi-lunch-audit/vendor/illuminate/pipeline/Pipeline.php(104): Laravel\Lumen\Routing\Pipeline->Laravel\Lumen\Routing\{closure}(Object(Laravel\Lumen\Http\Request))
#31 /home/vagrant/code/musashi-lunch-audit/vendor/laravel/lumen-framework/src/Concerns/RoutesRequests.php(413): Illuminate\Pipeline\Pipeline->then(Object(Closure))
#32 /home/vagrant/code/musashi-lunch-audit/vendor/laravel/lumen-framework/src/Concerns/RoutesRequests.php(259): Laravel\Lumen\Application->sendThroughPipeline(Array, Object(Closure))
#33 /home/vagrant/code/musashi-lunch-audit/vendor/laravel/lumen-framework/src/Concerns/RoutesRequests.php(165): Laravel\Lumen\Application->handleFoundRoute(Array)
#34 /home/vagrant/code/musashi-lunch-audit/vendor/laravel/lumen-framework/src/Concerns/RoutesRequests.php(416): Laravel\Lumen\Application->Laravel\Lumen\Concerns\{closure}(Object(Laravel\Lumen\Http\Request))
#35 /home/vagrant/code/musashi-lunch-audit/vendor/laravel/lumen-framework/src/Concerns/RoutesRequests.php(171): Laravel\Lumen\Application->sendThroughPipeline(Array, Object(Closure))
#36 /home/vagrant/code/musashi-lunch-audit/vendor/laravel/lumen-framework/src/Concerns/RoutesRequests.php(108): Laravel\Lumen\Application->dispatch(NULL)
#37 /home/vagrant/code/musashi-lunch-audit/public/index.php(28): Laravel\Lumen\Application->run()
#38 {main} {"exception":"[object] (Illuminate\\Database\\QueryException(code: 42S02): SQLSTATE[42S02]: Base table or view not found: 1146 Table 'musashi_lunch.lunches' doesn't exist (SQL: select count(*) as aggregate from `lunches` where `lunches`.`deleted_at` is null) at /home/vagrant/code/musashi-lunch-audit/vendor/illuminate/database/Connection.php:664, PDOException(code: 42S02): SQLSTATE[42S02]: Base table or view not found: 1146 Table 'musashi_lunch.lunches' doesn't exist at /home/vagrant/code/musashi-lunch-audit/vendor/illuminate/database/Connection.php:326)
[stacktrace]
#0 /home/vagrant/code/musashi-lunch-audit/vendor/illuminate/database/Connection.php(624): Illuminate\\Database\\Connection->runQueryCallback('select count(*)...', Array, Object(Closure))
#1 /home/vagrant/code/musashi-lunch-audit/vendor/illuminate/database/Connection.php(333): Illuminate\\Database\\Connection->run('select count(*)...', Array, Object(Closure))
#2 /home/vagrant/code/musashi-lunch-audit/vendor/illuminate/database/Query/Builder.php(2124): Illuminate\\Database\\Connection->select('select count(*)...', Array, true)
#3 /home/vagrant/code/musashi-lunch-audit/vendor/illuminate/database/Query/Builder.php(2112): Illuminate\\Database\\Query\\Builder->runSelect()
#4 /home/vagrant/code/musashi-lunch-audit/vendor/illuminate/database/Query/Builder.php(2598): Illuminate\\Database\\Query\\Builder->Illuminate\\Database\\Query\\{closure}()
#5 /home/vagrant/code/musashi-lunch-audit/vendor/illuminate/database/Query/Builder.php(2113): Illuminate\\Database\\Query\\Builder->onceWithColumns(Array, Object(Closure))
#6 /home/vagrant/code/musashi-lunch-audit/vendor/illuminate/database/Query/Builder.php(2211): Illuminate\\Database\\Query\\Builder->get()
#7 /home/vagrant/code/musashi-lunch-audit/vendor/illuminate/database/Query/Builder.php(2182): Illuminate\\Database\\Query\\Builder->runPaginationCountQuery(Array)
#8 /home/vagrant/code/musashi-lunch-audit/vendor/illuminate/database/Eloquent/Builder.php(748): Illuminate\\Database\\Query\\Builder->getCountForPagination()
#9 /home/vagrant/code/musashi-lunch-audit/app/Http/Controllers/LunchController.php(66): Illuminate\\Database\\Eloquent\\Builder->paginate(15, NULL, NULL, 1)
#10 [internal function]: App\\Http\\Controllers\\LunchController->listAll(Object(Laravel\\Lumen\\Http\\Request))
#11 /home/vagrant/code/musashi-lunch-audit/vendor/illuminate/container/BoundMethod.php(32): call_user_func_array(Array, Array)
#12 /home/vagrant/code/musashi-lunch-audit/vendor/illuminate/container/BoundMethod.php(90): Illuminate\\Container\\BoundMethod::Illuminate\\Container\\{closure}()
#13 /home/vagrant/code/musashi-lunch-audit/vendor/illuminate/container/BoundMethod.php(34): Illuminate\\Container\\BoundMethod::callBoundMethod(Object(rafadpedrosa\\lumen_scaffold\\config\\Application), Array, Object(Closure))
#14 /home/vagrant/code/musashi-lunch-audit/vendor/illuminate/container/Container.php(576): Illuminate\\Container\\BoundMethod::call(Object(rafadpedrosa\\lumen_scaffold\\config\\Application), Array, Array, NULL)
#15 /home/vagrant/code/musashi-lunch-audit/vendor/laravel/lumen-framework/src/Concerns/RoutesRequests.php(376): Illuminate\\Container\\Container->call(Array, Array)
#16 /home/vagrant/code/musashi-lunch-audit/vendor/laravel/lumen-framework/src/Concerns/RoutesRequests.php(342): Laravel\\Lumen\\Application->callControllerCallable(Array, Array)
#17 /home/vagrant/code/musashi-lunch-audit/vendor/laravel/lumen-framework/src/Concerns/RoutesRequests.php(316): Laravel\\Lumen\\Application->callLumenController(Object(App\\Http\\Controllers\\LunchController), 'listAll', Array)
#18 /home/vagrant/code/musashi-lunch-audit/vendor/laravel/lumen-framework/src/Concerns/RoutesRequests.php(278): Laravel\\Lumen\\Application->callControllerAction(Array)
#19 /home/vagrant/code/musashi-lunch-audit/vendor/laravel/lumen-framework/src/Concerns/RoutesRequests.php(258): Laravel\\Lumen\\Application->callActionOnArrayBasedRoute(Array)
#20 [internal function]: Laravel\\Lumen\\Application->Laravel\\Lumen\\Concerns\\{closure}(Object(Laravel\\Lumen\\Http\\Request))
#21 /home/vagrant/code/musashi-lunch-audit/vendor/laravel/lumen-framework/src/Routing/Pipeline.php(52): call_user_func(Object(Closure), Object(Laravel\\Lumen\\Http\\Request))
#22 /home/vagrant/code/musashi-lunch-audit/vendor/rafadpedrosa/lumen_scaffold/src/middleware/JsonApiMiddleware.php(28): Laravel\\Lumen\\Routing\\Pipeline->Laravel\\Lumen\\Routing\\{closure}(Object(Laravel\\Lumen\\Http\\Request))
#23 /home/vagrant/code/musashi-lunch-audit/vendor/illuminate/pipeline/Pipeline.php(163): rafadpedrosa\\lumen_scaffold\\middleware\\JsonApiMiddleware->handle(Object(Laravel\\Lumen\\Http\\Request), Object(Closure))
#24 [internal function]: Illuminate\\Pipeline\\Pipeline->Illuminate\\Pipeline\\{closure}(Object(Laravel\\Lumen\\Http\\Request))
#25 /home/vagrant/code/musashi-lunch-audit/vendor/laravel/lumen-framework/src/Routing/Pipeline.php(32): call_user_func(Object(Closure), Object(Laravel\\Lumen\\Http\\Request))
#26 /home/vagrant/code/musashi-lunch-audit/vendor/nordsoftware/lumen-cors/src/CorsMiddleware.php(38): Laravel\\Lumen\\Routing\\Pipeline->Laravel\\Lumen\\Routing\\{closure}(Object(Laravel\\Lumen\\Http\\Request))
#27 /home/vagrant/code/musashi-lunch-audit/vendor/illuminate/pipeline/Pipeline.php(163): Nord\\Lumen\\Cors\\CorsMiddleware->handle(Object(Laravel\\Lumen\\Http\\Request), Object(Closure))
#28 [internal function]: Illuminate\\Pipeline\\Pipeline->Illuminate\\Pipeline\\{closure}(Object(Laravel\\Lumen\\Http\\Request))
#29 /home/vagrant/code/musashi-lunch-audit/vendor/laravel/lumen-framework/src/Routing/Pipeline.php(32): call_user_func(Object(Closure), Object(Laravel\\Lumen\\Http\\Request))
#30 /home/vagrant/code/musashi-lunch-audit/vendor/illuminate/pipeline/Pipeline.php(104): Laravel\\Lumen\\Routing\\Pipeline->Laravel\\Lumen\\Routing\\{closure}(Object(Laravel\\Lumen\\Http\\Request))
#31 /home/vagrant/code/musashi-lunch-audit/vendor/laravel/lumen-framework/src/Concerns/RoutesRequests.php(413): Illuminate\\Pipeline\\Pipeline->then(Object(Closure))
#32 /home/vagrant/code/musashi-lunch-audit/vendor/laravel/lumen-framework/src/Concerns/RoutesRequests.php(259): Laravel\\Lumen\\Application->sendThroughPipeline(Array, Object(Closure))
#33 /home/vagrant/code/musashi-lunch-audit/vendor/laravel/lumen-framework/src/Concerns/RoutesRequests.php(165): Laravel\\Lumen\\Application->handleFoundRoute(Array)
#34 /home/vagrant/code/musashi-lunch-audit/vendor/laravel/lumen-framework/src/Concerns/RoutesRequests.php(416): Laravel\\Lumen\\Application->Laravel\\Lumen\\Concerns\\{closure}(Object(Laravel\\Lumen\\Http\\Request))
#35 /home/vagrant/code/musashi-lunch-audit/vendor/laravel/lumen-framework/src/Concerns/RoutesRequests.php(171): Laravel\\Lumen\\Application->sendThroughPipeline(Array, Object(Closure))
#36 /home/vagrant/code/musashi-lunch-audit/vendor/laravel/lumen-framework/src/Concerns/RoutesRequests.php(108): Laravel\\Lumen\\Application->dispatch(NULL)
#37 /home/vagrant/code/musashi-lunch-audit/public/index.php(28): Laravel\\Lumen\\Application->run()
#38 {main}
"} 
[2019-04-25 00:29:29] local.ERROR: PDOException: SQLSTATE[42S22]: Column not found: 1054 Unknown column 'lunches.deleted_at' in 'where clause' in /home/vagrant/code/musashi-lunch-audit/vendor/illuminate/database/Connection.php:326
Stack trace:
#0 /home/vagrant/code/musashi-lunch-audit/vendor/illuminate/database/Connection.php(326): PDO->prepare('select count(*)...')
#1 /home/vagrant/code/musashi-lunch-audit/vendor/illuminate/database/Connection.php(657): Illuminate\Database\Connection->Illuminate\Database\{closure}('select count(*)...', Array)
#2 /home/vagrant/code/musashi-lunch-audit/vendor/illuminate/database/Connection.php(624): Illuminate\Database\Connection->runQueryCallback('select count(*)...', Array, Object(Closure))
#3 /home/vagrant/code/musashi-lunch-audit/vendor/illuminate/database/Connection.php(333): Illuminate\Database\Connection->run('select count(*)...', Array, Object(Closure))
#4 /home/vagrant/code/musashi-lunch-audit/vendor/illuminate/database/Query/Builder.php(2124): Illuminate\Database\Connection->select('select count(*)...', Array, true)
#5 /home/vagrant/code/musashi-lunch-audit/vendor/illuminate/database/Query/Builder.php(2112): Illuminate\Database\Query\Builder->runSelect()
#6 /home/vagrant/code/musashi-lunch-audit/vendor/illuminate/database/Query/Builder.php(2598): Illuminate\Database\Query\Builder->Illuminate\Database\Query\{closure}()
#7 /home/vagrant/code/musashi-lunch-audit/vendor/illuminate/database/Query/Builder.php(2113): Illuminate\Database\Query\Builder->onceWithColumns(Array, Object(Closure))
#8 /home/vagrant/code/musashi-lunch-audit/vendor/illuminate/database/Query/Builder.php(2211): Illuminate\Database\Query\Builder->get()
#9 /home/vagrant/code/musashi-lunch-audit/vendor/illuminate/database/Query/Builder.php(2182): Illuminate\Database\Query\Builder->runPaginationCountQuery(Array)
#10 /home/vagrant/code/musashi-lunch-audit/vendor/illuminate/database/Eloquent/Builder.php(748): Illuminate\Database\Query\Builder->getCountForPagination()
#11 /home/vagrant/code/musashi-lunch-audit/app/Http/Controllers/LunchController.php(66): Illuminate\Database\Eloquent\Builder->paginate(15, NULL, NULL, 1)
#12 [internal function]: App\Http\Controllers\LunchController->listAll(Object(Laravel\Lumen\Http\Request))
#13 /home/vagrant/code/musashi-lunch-audit/vendor/illuminate/container/BoundMethod.php(32): call_user_func_array(Array, Array)
#14 /home/vagrant/code/musashi-lunch-audit/vendor/illuminate/container/BoundMethod.php(90): Illuminate\Container\BoundMethod::Illuminate\Container\{closure}()
#15 /home/vagrant/code/musashi-lunch-audit/vendor/illuminate/container/BoundMethod.php(34): Illuminate\Container\BoundMethod::callBoundMethod(Object(rafadpedrosa\lumen_scaffold\config\Application), Array, Object(Closure))
#16 /home/vagrant/code/musashi-lunch-audit/vendor/illuminate/container/Container.php(576): Illuminate\Container\BoundMethod::call(Object(rafadpedrosa\lumen_scaffold\config\Application), Array, Array, NULL)
#17 /home/vagrant/code/musashi-lunch-audit/vendor/laravel/lumen-framework/src/Concerns/RoutesRequests.php(376): Illuminate\Container\Container->call(Array, Array)
#18 /home/vagrant/code/musashi-lunch-audit/vendor/laravel/lumen-framework/src/Concerns/RoutesRequests.php(342): Laravel\Lumen\Application->callControllerCallable(Array, Array)
#19 /home/vagrant/code/musashi-lunch-audit/vendor/laravel/lumen-framework/src/Concerns/RoutesRequests.php(316): Laravel\Lumen\Application->callLumenController(Object(App\Http\Controllers\LunchController), 'listAll', Array)
#20 /home/vagrant/code/musashi-lunch-audit/vendor/laravel/lumen-framework/src/Concerns/RoutesRequests.php(278): Laravel\Lumen\Application->callControllerAction(Array)
#21 /home/vagrant/code/musashi-lunch-audit/vendor/laravel/lumen-framework/src/Concerns/RoutesRequests.php(258): Laravel\Lumen\Application->callActionOnArrayBasedRoute(Array)
#22 [internal function]: Laravel\Lumen\Application->Laravel\Lumen\Concerns\{closure}(Object(Laravel\Lumen\Http\Request))
#23 /home/vagrant/code/musashi-lunch-audit/vendor/laravel/lumen-framework/src/Routing/Pipeline.php(52): call_user_func(Object(Closure), Object(Laravel\Lumen\Http\Request))
#24 /home/vagrant/code/musashi-lunch-audit/vendor/rafadpedrosa/lumen_scaffold/src/middleware/JsonApiMiddleware.php(28): Laravel\Lumen\Routing\Pipeline->Laravel\Lumen\Routing\{closure}(Object(Laravel\Lumen\Http\Request))
#25 /home/vagrant/code/musashi-lunch-audit/vendor/illuminate/pipeline/Pipeline.php(163): rafadpedrosa\lumen_scaffold\middleware\JsonApiMiddleware->handle(Object(Laravel\Lumen\Http\Request), Object(Closure))
#26 [internal function]: Illuminate\Pipeline\Pipeline->Illuminate\Pipeline\{closure}(Object(Laravel\Lumen\Http\Request))
#27 /home/vagrant/code/musashi-lunch-audit/vendor/laravel/lumen-framework/src/Routing/Pipeline.php(32): call_user_func(Object(Closure), Object(Laravel\Lumen\Http\Request))
#28 /home/vagrant/code/musashi-lunch-audit/vendor/nordsoftware/lumen-cors/src/CorsMiddleware.php(38): Laravel\Lumen\Routing\Pipeline->Laravel\Lumen\Routing\{closure}(Object(Laravel\Lumen\Http\Request))
#29 /home/vagrant/code/musashi-lunch-audit/vendor/illuminate/pipeline/Pipeline.php(163): Nord\Lumen\Cors\CorsMiddleware->handle(Object(Laravel\Lumen\Http\Request), Object(Closure))
#30 [internal function]: Illuminate\Pipeline\Pipeline->Illuminate\Pipeline\{closure}(Object(Laravel\Lumen\Http\Request))
#31 /home/vagrant/code/musashi-lunch-audit/vendor/laravel/lumen-framework/src/Routing/Pipeline.php(32): call_user_func(Object(Closure), Object(Laravel\Lumen\Http\Request))
#32 /home/vagrant/code/musashi-lunch-audit/vendor/illuminate/pipeline/Pipeline.php(104): Laravel\Lumen\Routing\Pipeline->Laravel\Lumen\Routing\{closure}(Object(Laravel\Lumen\Http\Request))
#33 /home/vagrant/code/musashi-lunch-audit/vendor/laravel/lumen-framework/src/Concerns/RoutesRequests.php(413): Illuminate\Pipeline\Pipeline->then(Object(Closure))
#34 /home/vagrant/code/musashi-lunch-audit/vendor/laravel/lumen-framework/src/Concerns/RoutesRequests.php(259): Laravel\Lumen\Application->sendThroughPipeline(Array, Object(Closure))
#35 /home/vagrant/code/musashi-lunch-audit/vendor/laravel/lumen-framework/src/Concerns/RoutesRequests.php(165): Laravel\Lumen\Application->handleFoundRoute(Array)
#36 /home/vagrant/code/musashi-lunch-audit/vendor/laravel/lumen-framework/src/Concerns/RoutesRequests.php(416): Laravel\Lumen\Application->Laravel\Lumen\Concerns\{closure}(Object(Laravel\Lumen\Http\Request))
#37 /home/vagrant/code/musashi-lunch-audit/vendor/laravel/lumen-framework/src/Concerns/RoutesRequests.php(171): Laravel\Lumen\Application->sendThroughPipeline(Array, Object(Closure))
#38 /home/vagrant/code/musashi-lunch-audit/vendor/laravel/lumen-framework/src/Concerns/RoutesRequests.php(108): Laravel\Lumen\Application->dispatch(NULL)
#39 /home/vagrant/code/musashi-lunch-audit/public/index.php(28): Laravel\Lumen\Application->run()
#40 {main}

Next Illuminate\Database\QueryException: SQLSTATE[42S22]: Column not found: 1054 Unknown column 'lunches.deleted_at' in 'where clause' (SQL: select count(*) as aggregate from `lunches` where `lunches`.`deleted_at` is null) in /home/vagrant/code/musashi-lunch-audit/vendor/illuminate/database/Connection.php:664
Stack trace:
#0 /home/vagrant/code/musashi-lunch-audit/vendor/illuminate/database/Connection.php(624): Illuminate\Database\Connection->runQueryCallback('select count(*)...', Array, Object(Closure))
#1 /home/vagrant/code/musashi-lunch-audit/vendor/illuminate/database/Connection.php(333): Illuminate\Database\Connection->run('select count(*)...', Array, Object(Closure))
#2 /home/vagrant/code/musashi-lunch-audit/vendor/illuminate/database/Query/Builder.php(2124): Illuminate\Database\Connection->select('select count(*)...', Array, true)
#3 /home/vagrant/code/musashi-lunch-audit/vendor/illuminate/database/Query/Builder.php(2112): Illuminate\Database\Query\Builder->runSelect()
#4 /home/vagrant/code/musashi-lunch-audit/vendor/illuminate/database/Query/Builder.php(2598): Illuminate\Database\Query\Builder->Illuminate\Database\Query\{closure}()
#5 /home/vagrant/code/musashi-lunch-audit/vendor/illuminate/database/Query/Builder.php(2113): Illuminate\Database\Query\Builder->onceWithColumns(Array, Object(Closure))
#6 /home/vagrant/code/musashi-lunch-audit/vendor/illuminate/database/Query/Builder.php(2211): Illuminate\Database\Query\Builder->get()
#7 /home/vagrant/code/musashi-lunch-audit/vendor/illuminate/database/Query/Builder.php(2182): Illuminate\Database\Query\Builder->runPaginationCountQuery(Array)
#8 /home/vagrant/code/musashi-lunch-audit/vendor/illuminate/database/Eloquent/Builder.php(748): Illuminate\Database\Query\Builder->getCountForPagination()
#9 /home/vagrant/code/musashi-lunch-audit/app/Http/Controllers/LunchController.php(66): Illuminate\Database\Eloquent\Builder->paginate(15, NULL, NULL, 1)
#10 [internal function]: App\Http\Controllers\LunchController->listAll(Object(Laravel\Lumen\Http\Request))
#11 /home/vagrant/code/musashi-lunch-audit/vendor/illuminate/container/BoundMethod.php(32): call_user_func_array(Array, Array)
#12 /home/vagrant/code/musashi-lunch-audit/vendor/illuminate/container/BoundMethod.php(90): Illuminate\Container\BoundMethod::Illuminate\Container\{closure}()
#13 /home/vagrant/code/musashi-lunch-audit/vendor/illuminate/container/BoundMethod.php(34): Illuminate\Container\BoundMethod::callBoundMethod(Object(rafadpedrosa\lumen_scaffold\config\Application), Array, Object(Closure))
#14 /home/vagrant/code/musashi-lunch-audit/vendor/illuminate/container/Container.php(576): Illuminate\Container\BoundMethod::call(Object(rafadpedrosa\lumen_scaffold\config\Application), Array, Array, NULL)
#15 /home/vagrant/code/musashi-lunch-audit/vendor/laravel/lumen-framework/src/Concerns/RoutesRequests.php(376): Illuminate\Container\Container->call(Array, Array)
#16 /home/vagrant/code/musashi-lunch-audit/vendor/laravel/lumen-framework/src/Concerns/RoutesRequests.php(342): Laravel\Lumen\Application->callControllerCallable(Array, Array)
#17 /home/vagrant/code/musashi-lunch-audit/vendor/laravel/lumen-framework/src/Concerns/RoutesRequests.php(316): Laravel\Lumen\Application->callLumenController(Object(App\Http\Controllers\LunchController), 'listAll', Array)
#18 /home/vagrant/code/musashi-lunch-audit/vendor/laravel/lumen-framework/src/Concerns/RoutesRequests.php(278): Laravel\Lumen\Application->callControllerAction(Array)
#19 /home/vagrant/code/musashi-lunch-audit/vendor/laravel/lumen-framework/src/Concerns/RoutesRequests.php(258): Laravel\Lumen\Application->callActionOnArrayBasedRoute(Array)
#20 [internal function]: Laravel\Lumen\Application->Laravel\Lumen\Concerns\{closure}(Object(Laravel\Lumen\Http\Request))
#21 /home/vagrant/code/musashi-lunch-audit/vendor/laravel/lumen-framework/src/Routing/Pipeline.php(52): call_user_func(Object(Closure), Object(Laravel\Lumen\Http\Request))
#22 /home/vagrant/code/musashi-lunch-audit/vendor/rafadpedrosa/lumen_scaffold/src/middleware/JsonApiMiddleware.php(28): Laravel\Lumen\Routing\Pipeline->Laravel\Lumen\Routing\{closure}(Object(Laravel\Lumen\Http\Request))
#23 /home/vagrant/code/musashi-lunch-audit/vendor/illuminate/pipeline/Pipeline.php(163): rafadpedrosa\lumen_scaffold\middleware\JsonApiMiddleware->handle(Object(Laravel\Lumen\Http\Request), Object(Closure))
#24 [internal function]: Illuminate\Pipeline\Pipeline->Illuminate\Pipeline\{closure}(Object(Laravel\Lumen\Http\Request))
#25 /home/vagrant/code/musashi-lunch-audit/vendor/laravel/lumen-framework/src/Routing/Pipeline.php(32): call_user_func(Object(Closure), Object(Laravel\Lumen\Http\Request))
#26 /home/vagrant/code/musashi-lunch-audit/vendor/nordsoftware/lumen-cors/src/CorsMiddleware.php(38): Laravel\Lumen\Routing\Pipeline->Laravel\Lumen\Routing\{closure}(Object(Laravel\Lumen\Http\Request))
#27 /home/vagrant/code/musashi-lunch-audit/vendor/illuminate/pipeline/Pipeline.php(163): Nord\Lumen\Cors\CorsMiddleware->handle(Object(Laravel\Lumen\Http\Request), Object(Closure))
#28 [internal function]: Illuminate\Pipeline\Pipeline->Illuminate\Pipeline\{closure}(Object(Laravel\Lumen\Http\Request))
#29 /home/vagrant/code/musashi-lunch-audit/vendor/laravel/lumen-framework/src/Routing/Pipeline.php(32): call_user_func(Object(Closure), Object(Laravel\Lumen\Http\Request))
#30 /home/vagrant/code/musashi-lunch-audit/vendor/illuminate/pipeline/Pipeline.php(104): Laravel\Lumen\Routing\Pipeline->Laravel\Lumen\Routing\{closure}(Object(Laravel\Lumen\Http\Request))
#31 /home/vagrant/code/musashi-lunch-audit/vendor/laravel/lumen-framework/src/Concerns/RoutesRequests.php(413): Illuminate\Pipeline\Pipeline->then(Object(Closure))
#32 /home/vagrant/code/musashi-lunch-audit/vendor/laravel/lumen-framework/src/Concerns/RoutesRequests.php(259): Laravel\Lumen\Application->sendThroughPipeline(Array, Object(Closure))
#33 /home/vagrant/code/musashi-lunch-audit/vendor/laravel/lumen-framework/src/Concerns/RoutesRequests.php(165): Laravel\Lumen\Application->handleFoundRoute(Array)
#34 /home/vagrant/code/musashi-lunch-audit/vendor/laravel/lumen-framework/src/Concerns/RoutesRequests.php(416): Laravel\Lumen\Application->Laravel\Lumen\Concerns\{closure}(Object(Laravel\Lumen\Http\Request))
#35 /home/vagrant/code/musashi-lunch-audit/vendor/laravel/lumen-framework/src/Concerns/RoutesRequests.php(171): Laravel\Lumen\Application->sendThroughPipeline(Array, Object(Closure))
#36 /home/vagrant/code/musashi-lunch-audit/vendor/laravel/lumen-framework/src/Concerns/RoutesRequests.php(108): Laravel\Lumen\Application->dispatch(NULL)
#37 /home/vagrant/code/musashi-lunch-audit/public/index.php(28): Laravel\Lumen\Application->run()
#38 {main} {"exception":"[object] (Illuminate\\Database\\QueryException(code: 42S22): SQLSTATE[42S22]: Column not found: 1054 Unknown column 'lunches.deleted_at' in 'where clause' (SQL: select count(*) as aggregate from `lunches` where `lunches`.`deleted_at` is null) at /home/vagrant/code/musashi-lunch-audit/vendor/illuminate/database/Connection.php:664, PDOException(code: 42S22): SQLSTATE[42S22]: Column not found: 1054 Unknown column 'lunches.deleted_at' in 'where clause' at /home/vagrant/code/musashi-lunch-audit/vendor/illuminate/database/Connection.php:326)
[stacktrace]
#0 /home/vagrant/code/musashi-lunch-audit/vendor/illuminate/database/Connection.php(624): Illuminate\\Database\\Connection->runQueryCallback('select count(*)...', Array, Object(Closure))
#1 /home/vagrant/code/musashi-lunch-audit/vendor/illuminate/database/Connection.php(333): Illuminate\\Database\\Connection->run('select count(*)...', Array, Object(Closure))
#2 /home/vagrant/code/musashi-lunch-audit/vendor/illuminate/database/Query/Builder.php(2124): Illuminate\\Database\\Connection->select('select count(*)...', Array, true)
#3 /home/vagrant/code/musashi-lunch-audit/vendor/illuminate/database/Query/Builder.php(2112): Illuminate\\Database\\Query\\Builder->runSelect()
#4 /home/vagrant/code/musashi-lunch-audit/vendor/illuminate/database/Query/Builder.php(2598): Illuminate\\Database\\Query\\Builder->Illuminate\\Database\\Query\\{closure}()
#5 /home/vagrant/code/musashi-lunch-audit/vendor/illuminate/database/Query/Builder.php(2113): Illuminate\\Database\\Query\\Builder->onceWithColumns(Array, Object(Closure))
#6 /home/vagrant/code/musashi-lunch-audit/vendor/illuminate/database/Query/Builder.php(2211): Illuminate\\Database\\Query\\Builder->get()
#7 /home/vagrant/code/musashi-lunch-audit/vendor/illuminate/database/Query/Builder.php(2182): Illuminate\\Database\\Query\\Builder->runPaginationCountQuery(Array)
#8 /home/vagrant/code/musashi-lunch-audit/vendor/illuminate/database/Eloquent/Builder.php(748): Illuminate\\Database\\Query\\Builder->getCountForPagination()
#9 /home/vagrant/code/musashi-lunch-audit/app/Http/Controllers/LunchController.php(66): Illuminate\\Database\\Eloquent\\Builder->paginate(15, NULL, NULL, 1)
#10 [internal function]: App\\Http\\Controllers\\LunchController->listAll(Object(Laravel\\Lumen\\Http\\Request))
#11 /home/vagrant/code/musashi-lunch-audit/vendor/illuminate/container/BoundMethod.php(32): call_user_func_array(Array, Array)
#12 /home/vagrant/code/musashi-lunch-audit/vendor/illuminate/container/BoundMethod.php(90): Illuminate\\Container\\BoundMethod::Illuminate\\Container\\{closure}()
#13 /home/vagrant/code/musashi-lunch-audit/vendor/illuminate/container/BoundMethod.php(34): Illuminate\\Container\\BoundMethod::callBoundMethod(Object(rafadpedrosa\\lumen_scaffold\\config\\Application), Array, Object(Closure))
#14 /home/vagrant/code/musashi-lunch-audit/vendor/illuminate/container/Container.php(576): Illuminate\\Container\\BoundMethod::call(Object(rafadpedrosa\\lumen_scaffold\\config\\Application), Array, Array, NULL)
#15 /home/vagrant/code/musashi-lunch-audit/vendor/laravel/lumen-framework/src/Concerns/RoutesRequests.php(376): Illuminate\\Container\\Container->call(Array, Array)
#16 /home/vagrant/code/musashi-lunch-audit/vendor/laravel/lumen-framework/src/Concerns/RoutesRequests.php(342): Laravel\\Lumen\\Application->callControllerCallable(Array, Array)
#17 /home/vagrant/code/musashi-lunch-audit/vendor/laravel/lumen-framework/src/Concerns/RoutesRequests.php(316): Laravel\\Lumen\\Application->callLumenController(Object(App\\Http\\Controllers\\LunchController), 'listAll', Array)
#18 /home/vagrant/code/musashi-lunch-audit/vendor/laravel/lumen-framework/src/Concerns/RoutesRequests.php(278): Laravel\\Lumen\\Application->callControllerAction(Array)
#19 /home/vagrant/code/musashi-lunch-audit/vendor/laravel/lumen-framework/src/Concerns/RoutesRequests.php(258): Laravel\\Lumen\\Application->callActionOnArrayBasedRoute(Array)
#20 [internal function]: Laravel\\Lumen\\Application->Laravel\\Lumen\\Concerns\\{closure}(Object(Laravel\\Lumen\\Http\\Request))
#21 /home/vagrant/code/musashi-lunch-audit/vendor/laravel/lumen-framework/src/Routing/Pipeline.php(52): call_user_func(Object(Closure), Object(Laravel\\Lumen\\Http\\Request))
#22 /home/vagrant/code/musashi-lunch-audit/vendor/rafadpedrosa/lumen_scaffold/src/middleware/JsonApiMiddleware.php(28): Laravel\\Lumen\\Routing\\Pipeline->Laravel\\Lumen\\Routing\\{closure}(Object(Laravel\\Lumen\\Http\\Request))
#23 /home/vagrant/code/musashi-lunch-audit/vendor/illuminate/pipeline/Pipeline.php(163): rafadpedrosa\\lumen_scaffold\\middleware\\JsonApiMiddleware->handle(Object(Laravel\\Lumen\\Http\\Request), Object(Closure))
#24 [internal function]: Illuminate\\Pipeline\\Pipeline->Illuminate\\Pipeline\\{closure}(Object(Laravel\\Lumen\\Http\\Request))
#25 /home/vagrant/code/musashi-lunch-audit/vendor/laravel/lumen-framework/src/Routing/Pipeline.php(32): call_user_func(Object(Closure), Object(Laravel\\Lumen\\Http\\Request))
#26 /home/vagrant/code/musashi-lunch-audit/vendor/nordsoftware/lumen-cors/src/CorsMiddleware.php(38): Laravel\\Lumen\\Routing\\Pipeline->Laravel\\Lumen\\Routing\\{closure}(Object(Laravel\\Lumen\\Http\\Request))
#27 /home/vagrant/code/musashi-lunch-audit/vendor/illuminate/pipeline/Pipeline.php(163): Nord\\Lumen\\Cors\\CorsMiddleware->handle(Object(Laravel\\Lumen\\Http\\Request), Object(Closure))
#28 [internal function]: Illuminate\\Pipeline\\Pipeline->Illuminate\\Pipeline\\{closure}(Object(Laravel\\Lumen\\Http\\Request))
#29 /home/vagrant/code/musashi-lunch-audit/vendor/laravel/lumen-framework/src/Routing/Pipeline.php(32): call_user_func(Object(Closure), Object(Laravel\\Lumen\\Http\\Request))
#30 /home/vagrant/code/musashi-lunch-audit/vendor/illuminate/pipeline/Pipeline.php(104): Laravel\\Lumen\\Routing\\Pipeline->Laravel\\Lumen\\Routing\\{closure}(Object(Laravel\\Lumen\\Http\\Request))
#31 /home/vagrant/code/musashi-lunch-audit/vendor/laravel/lumen-framework/src/Concerns/RoutesRequests.php(413): Illuminate\\Pipeline\\Pipeline->then(Object(Closure))
#32 /home/vagrant/code/musashi-lunch-audit/vendor/laravel/lumen-framework/src/Concerns/RoutesRequests.php(259): Laravel\\Lumen\\Application->sendThroughPipeline(Array, Object(Closure))
#33 /home/vagrant/code/musashi-lunch-audit/vendor/laravel/lumen-framework/src/Concerns/RoutesRequests.php(165): Laravel\\Lumen\\Application->handleFoundRoute(Array)
#34 /home/vagrant/code/musashi-lunch-audit/vendor/laravel/lumen-framework/src/Concerns/RoutesRequests.php(416): Laravel\\Lumen\\Application->Laravel\\Lumen\\Concerns\\{closure}(Object(Laravel\\Lumen\\Http\\Request))
#35 /home/vagrant/code/musashi-lunch-audit/vendor/laravel/lumen-framework/src/Concerns/RoutesRequests.php(171): Laravel\\Lumen\\Application->sendThroughPipeline(Array, Object(Closure))
#36 /home/vagrant/code/musashi-lunch-audit/vendor/laravel/lumen-framework/src/Concerns/RoutesRequests.php(108): Laravel\\Lumen\\Application->dispatch(NULL)
#37 /home/vagrant/code/musashi-lunch-audit/public/index.php(28): Laravel\\Lumen\\Application->run()
#38 {main}
"} 
